network/build/outputs/logs/manifest-merger-debug-report.txt
-- Merging decision tree log ---
manifest
ADDED from src/main/AndroidManifest.xml:2:1-12:12
INJECTED from src/main/AndroidManifest.xml:2:1-12:12
INJECTED from src/main/AndroidManifest.xml:2:1-12:12
INJECTED from src/main/AndroidManifest.xml:2:1-12:12
INJECTED from src/main/AndroidManifest.xml:2:1-12:12
INJECTED from src/main/AndroidManifest.xml:2:1-12:12
INJECTED from src/main/AndroidManifest.xml:2:1-12:12
	package
		ADDED from src/main/AndroidManifest.xml:3:5-32
		INJECTED from src/main/AndroidManifest.xml
		INJECTED from src/main/AndroidManifest.xml
	android:versionName
		INJECTED from src/main/AndroidManifest.xml
		ADDED from src/main/AndroidManifest.xml:2:1-12:12
		INJECTED from src/main/AndroidManifest.xml
	android:versionCode
		INJECTED from src/main/AndroidManifest.xml
		ADDED from src/main/AndroidManifest.xml:2:1-12:12
		INJECTED from src/main/AndroidManifest.xml
	xmlns:android
		ADDED from src/main/AndroidManifest.xml:2:11-69
application
ADDED from src/main/AndroidManifest.xml:5:5-10:19
service#com.sunny.network.MyService
ADDED from src/main/AndroidManifest.xml:6:9-9:48
	android:enabled
		ADDED from src/main/AndroidManifest.xml:8:13-36
	android:exported
		ADDED from src/main/AndroidManifest.xml:9:13-37
	android:name
		ADDED from src/main/AndroidManifest.xml:7:13-38
uses-sdk
INJECTED from src/main/AndroidManifest.xml reason: use-sdk injection requested
INJECTED from src/main/AndroidManifest.xml
INJECTED from src/main/AndroidManifest.xml
INJECTED from src/main/AndroidManifest.xml
INJECTED from src/main/AndroidManifest.xml
	android:targetSdkVersion
		INJECTED from src/main/AndroidManifest.xml
		ADDED from src/main/AndroidManifest.xml
		INJECTED from src/main/AndroidManifest.xml
	android:minSdkVersion
		INJECTED from src/main/AndroidManifest.xml
		ADDED from src/main/AndroidManifest.xml
		INJECTED from src/main/AndroidManifest.xml